set -e; avr-gcc -MM -mmcu=atmega8 -I. -std=gnu99 -O0 -gstabs -Wa,-adhlns=usart.lst -funsigned-char -funsigned-bitfields -fpack-struct -fshort-enums  -Wall -Wstrict-prototypes usart.c \
	| sed 's,\(.*\)\.o[ :]*,\1.o \1.d : ,g' > usart.d; \
	[ -s usart.d ] || rm -f usart.d
In file included from usart.c:10:
c:/winavr/lib/gcc/../../avr/include/util/setbaud.h:113:4: error: #error "setbaud.h requires F_CPU to be defined"
c:/winavr/lib/gcc/../../avr/include/util/setbaud.h:117:4: error: #error "setbaud.h requires BAUD to be defined"
c:/winavr/lib/gcc/../../avr/include/util/setbaud.h:121:4: error: #error "F_CPU must be a constant value"
c:/winavr/lib/gcc/../../avr/include/util/setbaud.h:125:4: error: #error "BAUD must be a constant value"
c:/winavr/lib/gcc/../../avr/include/util/setbaud.h:197:11: error: division by zero in #if
c:/winavr/lib/gcc/../../avr/include/util/setbaud.h:200:11: error: division by zero in #if
set -e; avr-gcc -MM -mmcu=atmega8 -I. -std=gnu99 -O0 -gstabs -Wa,-adhlns=system.lst -funsigned-char -funsigned-bitfields -fpack-struct -fshort-enums  -Wall -Wstrict-prototypes system.c \
	| sed 's,\(.*\)\.o[ :]*,\1.o \1.d : ,g' > system.d; \
	[ -s system.d ] || rm -f system.d
set -e; avr-gcc -MM -mmcu=atmega8 -I. -std=gnu99 -O0 -gstabs -Wa,-adhlns=kernel.lst -funsigned-char -funsigned-bitfields -fpack-struct -fshort-enums  -Wall -Wstrict-prototypes kernel.c \
	| sed 's,\(.*\)\.o[ :]*,\1.o \1.d : ,g' > kernel.d; \
	[ -s kernel.d ] || rm -f kernel.d
In file included from kernel.h:11,
                 from kernel.c:8:
global.h:39:7: error: division by zero in #if
global.h:40:4: error: #error Systematischer Fehler der Baudrate grösser 1% und damit zu hoch!
set -e; avr-gcc -MM -mmcu=atmega8 -I. -std=gnu99 -O0 -gstabs -Wa,-adhlns=timetest.lst -funsigned-char -funsigned-bitfields -fpack-struct -fshort-enums  -Wall -Wstrict-prototypes timetest.c \
	| sed 's,\(.*\)\.o[ :]*,\1.o \1.d : ,g' > timetest.d; \
	[ -s timetest.d ] || rm -f timetest.d
In file included from kernel.h:11,
                 from timetest.c:4:
global.h:39:7: error: division by zero in #if
global.h:40:4: error: #error Systematischer Fehler der Baudrate grösser 1% und damit zu hoch!
set -e; avr-gcc -MM -mmcu=atmega8 -I. -std=gnu99 -O0 -gstabs -Wa,-adhlns=usart.lst -funsigned-char -funsigned-bitfields -fpack-struct -fshort-enums  -Wall -Wstrict-prototypes usart.c \
	| sed 's,\(.*\)\.o[ :]*,\1.o \1.d : ,g' > usart.d; \
	[ -s usart.d ] || rm -f usart.d
In file included from usart.c:10:
c:/winavr/lib/gcc/../../avr/include/util/setbaud.h:113:4: error: #error "setbaud.h requires F_CPU to be defined"
c:/winavr/lib/gcc/../../avr/include/util/setbaud.h:117:4: error: #error "setbaud.h requires BAUD to be defined"
c:/winavr/lib/gcc/../../avr/include/util/setbaud.h:121:4: error: #error "F_CPU must be a constant value"
c:/winavr/lib/gcc/../../avr/include/util/setbaud.h:125:4: error: #error "BAUD must be a constant value"
c:/winavr/lib/gcc/../../avr/include/util/setbaud.h:197:11: error: division by zero in #if
c:/winavr/lib/gcc/../../avr/include/util/setbaud.h:200:11: error: division by zero in #if
set -e; avr-gcc -MM -mmcu=atmega8 -I. -std=gnu99 -O0 -gstabs -Wa,-adhlns=kernel.lst -funsigned-char -funsigned-bitfields -fpack-struct -fshort-enums  -Wall -Wstrict-prototypes kernel.c \
	| sed 's,\(.*\)\.o[ :]*,\1.o \1.d : ,g' > kernel.d; \
	[ -s kernel.d ] || rm -f kernel.d
In file included from kernel.h:11,
                 from kernel.c:8:
global.h:39:7: error: division by zero in #if
global.h:40:4: error: #error Systematischer Fehler der Baudrate grösser 1% und damit zu hoch!
set -e; avr-gcc -MM -mmcu=atmega8 -I. -std=gnu99 -O0 -gstabs -Wa,-adhlns=timetest.lst -funsigned-char -funsigned-bitfields -fpack-struct -fshort-enums  -Wall -Wstrict-prototypes timetest.c \
	| sed 's,\(.*\)\.o[ :]*,\1.o \1.d : ,g' > timetest.d; \
	[ -s timetest.d ] || rm -f timetest.d
In file included from kernel.h:11,
                 from timetest.c:4:
global.h:39:7: error: division by zero in #if
global.h:40:4: error: #error Systematischer Fehler der Baudrate grösser 1% und damit zu hoch!

-------- begin --------
avr-gcc (WinAVR 20100110) 4.3.3
Copyright (C) 2008 Free Software Foundation, Inc.
This is free software; see the source for copying conditions.  There is NO
warranty; not even for MERCHANTABILITY or FITNESS FOR A PARTICULAR PURPOSE.


Compiling: system.c
avr-gcc -c -mmcu=atmega8 -I. -std=gnu99 -O0 -gstabs -Wa,-adhlns=system.lst -funsigned-char -funsigned-bitfields -fpack-struct -fshort-enums  -Wall -Wstrict-prototypes system.c -o system.o

Compiling: usart.c
avr-gcc -c -mmcu=atmega8 -I. -std=gnu99 -O0 -gstabs -Wa,-adhlns=usart.lst -funsigned-char -funsigned-bitfields -fpack-struct -fshort-enums  -Wall -Wstrict-prototypes usart.c -o usart.o
In file included from usart.c:10:
c:/winavr/lib/gcc/../../avr/include/util/setbaud.h:113:4: error: #error "setbaud.h requires F_CPU to be defined"
c:/winavr/lib/gcc/../../avr/include/util/setbaud.h:117:4: error: #error "setbaud.h requires BAUD to be defined"
c:/winavr/lib/gcc/../../avr/include/util/setbaud.h:121:4: error: #error "F_CPU must be a constant value"
c:/winavr/lib/gcc/../../avr/include/util/setbaud.h:125:4: error: #error "BAUD must be a constant value"
c:/winavr/lib/gcc/../../avr/include/util/setbaud.h:197:11: error: division by zero in #if
c:/winavr/lib/gcc/../../avr/include/util/setbaud.h:200:11: error: division by zero in #if
usart.c: In function 'uart_init':
usart.c:36: error: 'F_CPU' undeclared (first use in this function)
usart.c:36: error: (Each undeclared identifier is reported only once
usart.c:36: error: for each function it appears in.)
usart.c:36: error: 'BAUD' undeclared (first use in this function)
make: *** [usart.o] Error 1
